<?xml version="1.0" encoding="UTF-8"?>
<!-- Generated by org.testng.reporters.JUnitReportReporter -->
<testsuite hostname="VinothKumarG" failures="0" tests="10" name="com.passport.testcase.AddCustomerTest" time="1.978" errors="0" timestamp="2023-09-21T22:47:30 IST" skipped="0">
  <testcase classname="com.passport.testcase.AddCustomerTest" name="addCustomer" time="0.201">
    <system-out>
      <![CDATA[Clicked Customer add button
Entered Customer first name
Entered Customer Last name
Entered Customer Postal code
Clicked add Customer Submit button
Customer created successfully
ADDCUSTOMER  Passed]]>
    </system-out>
  </testcase> <!-- addCustomer -->
  <testcase classname="com.passport.testcase.AddCustomerTest" name="addCustomer" time="0.209">
    <system-out>
      <![CDATA[Clicked Customer add button
Entered Customer first name
Entered Customer Last name
Entered Customer Postal code
Clicked add Customer Submit button
Customer created successfully
ADDCUSTOMER  Passed]]>
    </system-out>
  </testcase> <!-- addCustomer -->
  <testcase classname="com.passport.testcase.AddCustomerTest" name="addCustomer" time="0.338">
    <system-out>
      <![CDATA[Clicked Customer add button
Entered Customer first name
Entered Customer Last name
Entered Customer Postal code
Clicked add Customer Submit button
Customer created successfully
ADDCUSTOMER  Passed]]>
    </system-out>
  </testcase> <!-- addCustomer -->
  <testcase classname="com.passport.testcase.AddCustomerTest" name="addCustomer" time="0.175">
    <system-out>
      <![CDATA[Clicked Customer add button
Entered Customer first name
Entered Customer Last name
Entered Customer Postal code
Clicked add Customer Submit button
Customer created successfully
ADDCUSTOMER  Passed]]>
    </system-out>
  </testcase> <!-- addCustomer -->
  <testcase classname="com.passport.testcase.AddCustomerTest" name="addCustomer" time="0.215">
    <system-out>
      <![CDATA[Clicked Customer add button
Entered Customer first name
Entered Customer Last name
Entered Customer Postal code
Clicked add Customer Submit button
Customer created successfully
ADDCUSTOMER  Passed]]>
    </system-out>
  </testcase> <!-- addCustomer -->
  <testcase classname="com.passport.testcase.AddCustomerTest" name="demoTEst" time="0.001">
    <system-out>
      <![CDATA[DEMOTEST  Passed]]>
    </system-out>
  </testcase> <!-- demoTEst -->
  <testcase classname="com.passport.testcase.AddCustomerTest" name="addCustomer" time="0.194">
    <system-out>
      <![CDATA[Clicked Customer add button
Entered Customer first name
Entered Customer Last name
Entered Customer Postal code
Clicked add Customer Submit button
Customer created successfully
ADDCUSTOMER  Passed]]>
    </system-out>
  </testcase> <!-- addCustomer -->
  <testcase classname="com.passport.testcase.AddCustomerTest" name="addCustomer" time="0.183">
    <system-out>
      <![CDATA[Clicked Customer add button
Entered Customer first name
Entered Customer Last name
Entered Customer Postal code
Clicked add Customer Submit button
Customer created successfully
ADDCUSTOMER  Passed]]>
    </system-out>
  </testcase> <!-- addCustomer -->
  <testcase classname="com.passport.testcase.AddCustomerTest" name="addCustomer" time="0.218">
    <system-out>
      <![CDATA[Clicked Customer add button
Entered Customer first name
Entered Customer Last name
Entered Customer Postal code
Clicked add Customer Submit button
Customer created successfully
ADDCUSTOMER  Passed]]>
    </system-out>
  </testcase> <!-- addCustomer -->
  <testcase classname="com.passport.testcase.AddCustomerTest" name="addCustomer" time="0.244">
    <system-out>
      <![CDATA[Clicked Customer add button
Entered Customer first name
Entered Customer Last name
Entered Customer Postal code
Clicked add Customer Submit button
Customer created successfully
ADDCUSTOMER  Passed]]>
    </system-out>
  </testcase> <!-- addCustomer -->
  <system-out>
    <![CDATA[LOGINASBANKMANAGER  Passed
Clicked Customer add button
Entered Customer first name
Entered Customer Last name
Entered Customer Postal code
Clicked add Customer Submit button
Customer created successfully
ADDCUSTOMER  Passed
Clicked Customer add button
Entered Customer first name
Entered Customer Last name
Entered Customer Postal code
Clicked add Customer Submit button
Customer created successfully
ADDCUSTOMER  Passed
Clicked Customer add button
Entered Customer first name
Entered Customer Last name
Entered Customer Postal code
Clicked add Customer Submit button
Customer created successfully
ADDCUSTOMER  Passed
Clicked Customer add button
Entered Customer first name
Entered Customer Last name
Entered Customer Postal code
Clicked add Customer Submit button
Customer created successfully
ADDCUSTOMER  Passed
Clicked Customer add button
Entered Customer first name
Entered Customer Last name
Entered Customer Postal code
Clicked add Customer Submit button
Customer created successfully
ADDCUSTOMER  Passed
Clicked Customer add button
Entered Customer first name
Entered Customer Last name
Entered Customer Postal code
Clicked add Customer Submit button
Customer created successfully
ADDCUSTOMER  Passed
Clicked Customer add button
Entered Customer first name
Entered Customer Last name
Entered Customer Postal code
Clicked add Customer Submit button
Customer created successfully
ADDCUSTOMER  Passed
Clicked Customer add button
Entered Customer first name
Entered Customer Last name
Entered Customer Postal code
Clicked add Customer Submit button
Customer created successfully
ADDCUSTOMER  Passed
Clicked Customer add button
Entered Customer first name
Entered Customer Last name
Entered Customer Postal code
Clicked add Customer Submit button
Customer created successfully
ADDCUSTOMER  Passed
DEMOTEST  Passed
Account created successfully
OPENACC  Passed
Account created successfully
OPENACC  Passed
Account created successfully
OPENACC  Passed
Account created successfully
OPENACC  Passed
Account created successfully
OPENACC  Passed
Account created successfully
OPENACC  Passed
Account created successfully
OPENACC  Passed
Account created successfully
OPENACC  Passed
Account created successfully
OPENACC  Passed
SEARCHCUSTOMER  Passed
SEARCHCUSTOMER  Passed
SEARCHCUSTOMER  Passed
SEARCHCUSTOMER  Passed
SEARCHCUSTOMER  Passed
SEARCHCUSTOMER  Passed
SEARCHCUSTOMER  Passed
SEARCHCUSTOMER  Passed
SEARCHCUSTOMER  Passed
CLICKHOME  Passed
<a href=Thu_Sep_21_22_47_30_IST_2023.jpg>screenshot</a>]]>
  </system-out>
</testsuite> <!-- com.passport.testcase.AddCustomerTest -->
