<?xml version="1.0" encoding="UTF-8"?>
<!-- Generated by org.testng.reporters.JUnitReportReporter -->
<testsuite hostname="VinothKumarG" failures="0" tests="1" name="com.passport.testcase.LoginTest" time="0.000" errors="0" timestamp="2023-09-20T21:18:53 IST" skipped="1">
  <testcase classname="com.passport.testcase.LoginTest" name="loginAsBankManager" time="0.000">
    <skipped/>
  </testcase> <!-- loginAsBankManager -->
</testsuite> <!-- com.passport.testcase.LoginTest -->
