<?xml version="1.0" encoding="UTF-8"?>
<!-- Generated by org.testng.reporters.JUnitReportReporter -->
<testsuite hostname="VinothKumarG" failures="0" tests="9" name="com.passport.testcase.OpenAccountTest" time="0.000" errors="0" timestamp="2023-09-20T21:18:53 IST" skipped="9">
  <testcase classname="com.passport.testcase.OpenAccountTest" name="openAcc" time="0.000">
    <skipped/>
  </testcase> <!-- openAcc -->
  <testcase classname="com.passport.testcase.OpenAccountTest" name="openAcc" time="0.000">
    <skipped/>
  </testcase> <!-- openAcc -->
  <testcase classname="com.passport.testcase.OpenAccountTest" name="openAcc" time="0.000">
    <skipped/>
  </testcase> <!-- openAcc -->
  <testcase classname="com.passport.testcase.OpenAccountTest" name="openAcc" time="0.000">
    <skipped/>
  </testcase> <!-- openAcc -->
  <testcase classname="com.passport.testcase.OpenAccountTest" name="openAcc" time="0.000">
    <skipped/>
  </testcase> <!-- openAcc -->
  <testcase classname="com.passport.testcase.OpenAccountTest" name="openAcc" time="0.000">
    <skipped/>
  </testcase> <!-- openAcc -->
  <testcase classname="com.passport.testcase.OpenAccountTest" name="openAcc" time="0.000">
    <skipped/>
  </testcase> <!-- openAcc -->
  <testcase classname="com.passport.testcase.OpenAccountTest" name="openAcc" time="0.000">
    <skipped/>
  </testcase> <!-- openAcc -->
  <testcase classname="com.passport.testcase.OpenAccountTest" name="openAcc" time="0.000">
    <skipped/>
  </testcase> <!-- openAcc -->
</testsuite> <!-- com.passport.testcase.OpenAccountTest -->
