<?xml version="1.0" encoding="UTF-8"?>
<!-- Generated by org.testng.reporters.JUnitReportReporter -->
<testsuite hostname="VinothKumarG" failures="0" tests="9" name="com.passport.testcase.OpenAccountTest" time="1.388" errors="0" timestamp="2023-09-20T22:46:37 IST" skipped="0">
  <testcase classname="com.passport.testcase.OpenAccountTest" name="openAcc" time="0.147">
    <system-out>
      <![CDATA[Account created successfully
OPENACC  Passed]]>
    </system-out>
  </testcase> <!-- openAcc -->
  <testcase classname="com.passport.testcase.OpenAccountTest" name="openAcc" time="0.152">
    <system-out>
      <![CDATA[Account created successfully
OPENACC  Passed]]>
    </system-out>
  </testcase> <!-- openAcc -->
  <testcase classname="com.passport.testcase.OpenAccountTest" name="openAcc" time="0.144">
    <system-out>
      <![CDATA[Account created successfully
OPENACC  Passed]]>
    </system-out>
  </testcase> <!-- openAcc -->
  <testcase classname="com.passport.testcase.OpenAccountTest" name="openAcc" time="0.142">
    <system-out>
      <![CDATA[Account created successfully
OPENACC  Passed]]>
    </system-out>
  </testcase> <!-- openAcc -->
  <testcase classname="com.passport.testcase.OpenAccountTest" name="openAcc" time="0.135">
    <system-out>
      <![CDATA[Account created successfully
OPENACC  Passed]]>
    </system-out>
  </testcase> <!-- openAcc -->
  <testcase classname="com.passport.testcase.OpenAccountTest" name="openAcc" time="0.132">
    <system-out>
      <![CDATA[Account created successfully
OPENACC  Passed]]>
    </system-out>
  </testcase> <!-- openAcc -->
  <testcase classname="com.passport.testcase.OpenAccountTest" name="openAcc" time="0.280">
    <system-out>
      <![CDATA[Account created successfully
OPENACC  Passed]]>
    </system-out>
  </testcase> <!-- openAcc -->
  <testcase classname="com.passport.testcase.OpenAccountTest" name="openAcc" time="0.132">
    <system-out>
      <![CDATA[Account created successfully
OPENACC  Passed]]>
    </system-out>
  </testcase> <!-- openAcc -->
  <testcase classname="com.passport.testcase.OpenAccountTest" name="openAcc" time="0.124">
    <system-out>
      <![CDATA[Account created successfully
OPENACC  Passed]]>
    </system-out>
  </testcase> <!-- openAcc -->
  <system-out>
    <![CDATA[LOGINASBANKMANAGER  Passed
Clicked Customer add button
Entered Customer first name
Entered Customer Last name
Entered Customer Postal code
Clicked add Customer Submit button
Customer created successfully
ADDCUSTOMER  Passed
Clicked Customer add button
Entered Customer first name
Entered Customer Last name
Entered Customer Postal code
Clicked add Customer Submit button
Customer created successfully
ADDCUSTOMER  Passed
Clicked Customer add button
Entered Customer first name
Entered Customer Last name
Entered Customer Postal code
Clicked add Customer Submit button
Customer created successfully
ADDCUSTOMER  Passed
Clicked Customer add button
Entered Customer first name
Entered Customer Last name
Entered Customer Postal code
Clicked add Customer Submit button
Customer created successfully
ADDCUSTOMER  Passed
Clicked Customer add button
Entered Customer first name
Entered Customer Last name
Entered Customer Postal code
Clicked add Customer Submit button
Customer created successfully
ADDCUSTOMER  Passed
Clicked Customer add button
Entered Customer first name
Entered Customer Last name
Entered Customer Postal code
Clicked add Customer Submit button
Customer created successfully
ADDCUSTOMER  Passed
Clicked Customer add button
Entered Customer first name
Entered Customer Last name
Entered Customer Postal code
Clicked add Customer Submit button
Customer created successfully
ADDCUSTOMER  Passed
Clicked Customer add button
Entered Customer first name
Entered Customer Last name
Entered Customer Postal code
Clicked add Customer Submit button
Customer created successfully
ADDCUSTOMER  Passed
Clicked Customer add button
Entered Customer first name
Entered Customer Last name
Entered Customer Postal code
Clicked add Customer Submit button
Customer created successfully
ADDCUSTOMER  Passed
DEMOTEST  Passed
Account created successfully
OPENACC  Passed
Account created successfully
OPENACC  Passed
Account created successfully
OPENACC  Passed
Account created successfully
OPENACC  Passed
Account created successfully
OPENACC  Passed
Account created successfully
OPENACC  Passed
Account created successfully
OPENACC  Passed
Account created successfully
OPENACC  Passed
Account created successfully
OPENACC  Passed
SEARCHCUSTOMER  Passed
SEARCHCUSTOMER  Passed
SEARCHCUSTOMER  Passed
SEARCHCUSTOMER  Passed
SEARCHCUSTOMER  Passed
SEARCHCUSTOMER  Passed
SEARCHCUSTOMER  Passed
SEARCHCUSTOMER  Passed
SEARCHCUSTOMER  Passed]]>
  </system-out>
</testsuite> <!-- com.passport.testcase.OpenAccountTest -->
