<?xml version="1.0" encoding="UTF-8"?>
<!-- Generated by org.testng.reporters.JUnitReportReporter -->
<testsuite hostname="VinothKumarG" failures="0" tests="51" name="com.passport.testcase.VerifyDepositFunc" time="6.265" errors="0" timestamp="2023-09-21T23:43:52 IST" skipped="0">
  <testcase classname="com.passport.testcase.VerifyDepositFunc" name="verifyAccountBalance" time="0.140">
    <system-out>
      <![CDATA[VERIFYACCOUNTBALANCE  Passed]]>
    </system-out>
  </testcase> <!-- verifyAccountBalance -->
  <testcase classname="com.passport.testcase.VerifyDepositFunc" name="verifyAccountBalance" time="0.083">
    <system-out>
      <![CDATA[VERIFYACCOUNTBALANCE  Passed]]>
    </system-out>
  </testcase> <!-- verifyAccountBalance -->
  <testcase classname="com.passport.testcase.VerifyDepositFunc" name="verifyAccountBalance" time="0.119">
    <system-out>
      <![CDATA[VERIFYACCOUNTBALANCE  Passed]]>
    </system-out>
  </testcase> <!-- verifyAccountBalance -->
  <testcase classname="com.passport.testcase.VerifyDepositFunc" name="verifyAccountBalance" time="0.112">
    <system-out>
      <![CDATA[VERIFYACCOUNTBALANCE  Passed]]>
    </system-out>
  </testcase> <!-- verifyAccountBalance -->
  <testcase classname="com.passport.testcase.VerifyDepositFunc" name="verifyAccountBalance" time="0.118">
    <system-out>
      <![CDATA[VERIFYACCOUNTBALANCE  Passed]]>
    </system-out>
  </testcase> <!-- verifyAccountBalance -->
  <testcase classname="com.passport.testcase.VerifyDepositFunc" name="verifyAccountBalance" time="0.122">
    <system-out>
      <![CDATA[VERIFYACCOUNTBALANCE  Passed]]>
    </system-out>
  </testcase> <!-- verifyAccountBalance -->
  <testcase classname="com.passport.testcase.VerifyDepositFunc" name="verifyAccountBalance" time="0.131">
    <system-out>
      <![CDATA[VERIFYACCOUNTBALANCE  Passed]]>
    </system-out>
  </testcase> <!-- verifyAccountBalance -->
  <testcase classname="com.passport.testcase.VerifyDepositFunc" name="verifyAccountBalance" time="0.117">
    <system-out>
      <![CDATA[VERIFYACCOUNTBALANCE  Passed]]>
    </system-out>
  </testcase> <!-- verifyAccountBalance -->
  <testcase classname="com.passport.testcase.VerifyDepositFunc" name="verifyAccountBalance" time="0.120">
    <system-out>
      <![CDATA[VERIFYACCOUNTBALANCE  Passed]]>
    </system-out>
  </testcase> <!-- verifyAccountBalance -->
  <testcase classname="com.passport.testcase.VerifyDepositFunc" name="verifyAccountBalance" time="0.082">
    <system-out>
      <![CDATA[VERIFYACCOUNTBALANCE  Passed]]>
    </system-out>
  </testcase> <!-- verifyAccountBalance -->
  <testcase classname="com.passport.testcase.VerifyDepositFunc" name="verifyAccountBalance" time="0.130">
    <system-out>
      <![CDATA[VERIFYACCOUNTBALANCE  Passed]]>
    </system-out>
  </testcase> <!-- verifyAccountBalance -->
  <testcase classname="com.passport.testcase.VerifyDepositFunc" name="verifyAccountBalance" time="0.111">
    <system-out>
      <![CDATA[VERIFYACCOUNTBALANCE  Passed]]>
    </system-out>
  </testcase> <!-- verifyAccountBalance -->
  <testcase classname="com.passport.testcase.VerifyDepositFunc" name="verifyAccountBalance" time="0.080">
    <system-out>
      <![CDATA[VERIFYACCOUNTBALANCE  Passed]]>
    </system-out>
  </testcase> <!-- verifyAccountBalance -->
  <testcase classname="com.passport.testcase.VerifyDepositFunc" name="verifyAccountBalance" time="0.126">
    <system-out>
      <![CDATA[VERIFYACCOUNTBALANCE  Passed]]>
    </system-out>
  </testcase> <!-- verifyAccountBalance -->
  <testcase classname="com.passport.testcase.VerifyDepositFunc" name="verifyAccountBalance" time="0.084">
    <system-out>
      <![CDATA[VERIFYACCOUNTBALANCE  Passed]]>
    </system-out>
  </testcase> <!-- verifyAccountBalance -->
  <testcase classname="com.passport.testcase.VerifyDepositFunc" name="verifyAccountBalance" time="0.079">
    <system-out>
      <![CDATA[VERIFYACCOUNTBALANCE  Passed]]>
    </system-out>
  </testcase> <!-- verifyAccountBalance -->
  <testcase classname="com.passport.testcase.VerifyDepositFunc" name="verifyAccountBalance" time="0.083">
    <system-out>
      <![CDATA[VERIFYACCOUNTBALANCE  Passed]]>
    </system-out>
  </testcase> <!-- verifyAccountBalance -->
  <testcase classname="com.passport.testcase.VerifyDepositFunc" name="verifyAccountBalance" time="0.120">
    <system-out>
      <![CDATA[VERIFYACCOUNTBALANCE  Passed]]>
    </system-out>
  </testcase> <!-- verifyAccountBalance -->
  <testcase classname="com.passport.testcase.VerifyDepositFunc" name="verifyAccountBalance" time="0.132">
    <system-out>
      <![CDATA[VERIFYACCOUNTBALANCE  Passed]]>
    </system-out>
  </testcase> <!-- verifyAccountBalance -->
  <testcase classname="com.passport.testcase.VerifyDepositFunc" name="verifyAccountBalance" time="0.088">
    <system-out>
      <![CDATA[VERIFYACCOUNTBALANCE  Passed]]>
    </system-out>
  </testcase> <!-- verifyAccountBalance -->
  <testcase classname="com.passport.testcase.VerifyDepositFunc" name="verifyAccountBalance" time="0.119">
    <system-out>
      <![CDATA[VERIFYACCOUNTBALANCE  Passed]]>
    </system-out>
  </testcase> <!-- verifyAccountBalance -->
  <testcase classname="com.passport.testcase.VerifyDepositFunc" name="verifyAccountBalance" time="0.096">
    <system-out>
      <![CDATA[VERIFYACCOUNTBALANCE  Passed]]>
    </system-out>
  </testcase> <!-- verifyAccountBalance -->
  <testcase classname="com.passport.testcase.VerifyDepositFunc" name="verifyAccountBalance" time="0.116">
    <system-out>
      <![CDATA[VERIFYACCOUNTBALANCE  Passed]]>
    </system-out>
  </testcase> <!-- verifyAccountBalance -->
  <testcase classname="com.passport.testcase.VerifyDepositFunc" name="verifyAccountBalance" time="0.113">
    <system-out>
      <![CDATA[VERIFYACCOUNTBALANCE  Passed]]>
    </system-out>
  </testcase> <!-- verifyAccountBalance -->
  <testcase classname="com.passport.testcase.VerifyDepositFunc" name="verifyAccountBalance" time="0.083">
    <system-out>
      <![CDATA[VERIFYACCOUNTBALANCE  Passed]]>
    </system-out>
  </testcase> <!-- verifyAccountBalance -->
  <testcase classname="com.passport.testcase.VerifyDepositFunc" name="verifyAccountBalance" time="0.091">
    <system-out>
      <![CDATA[VERIFYACCOUNTBALANCE  Passed]]>
    </system-out>
  </testcase> <!-- verifyAccountBalance -->
  <testcase classname="com.passport.testcase.VerifyDepositFunc" name="verifyAccountBalance" time="0.108">
    <system-out>
      <![CDATA[VERIFYACCOUNTBALANCE  Passed]]>
    </system-out>
  </testcase> <!-- verifyAccountBalance -->
  <testcase classname="com.passport.testcase.VerifyDepositFunc" name="verifyAccountBalance" time="0.158">
    <system-out>
      <![CDATA[VERIFYACCOUNTBALANCE  Passed]]>
    </system-out>
  </testcase> <!-- verifyAccountBalance -->
  <testcase classname="com.passport.testcase.VerifyDepositFunc" name="verifyDepositMoney" time="0.419">
    <system-out>
      <![CDATA[VERIFYDEPOSITMONEY  Passed]]>
    </system-out>
  </testcase> <!-- verifyDepositMoney -->
  <testcase classname="com.passport.testcase.VerifyDepositFunc" name="verifyAccountBalance" time="0.120">
    <system-out>
      <![CDATA[VERIFYACCOUNTBALANCE  Passed]]>
    </system-out>
  </testcase> <!-- verifyAccountBalance -->
  <testcase classname="com.passport.testcase.VerifyDepositFunc" name="verifyAccountBalance" time="0.175">
    <system-out>
      <![CDATA[VERIFYACCOUNTBALANCE  Passed]]>
    </system-out>
  </testcase> <!-- verifyAccountBalance -->
  <testcase classname="com.passport.testcase.VerifyDepositFunc" name="verifyAccountBalance" time="0.087">
    <system-out>
      <![CDATA[VERIFYACCOUNTBALANCE  Passed]]>
    </system-out>
  </testcase> <!-- verifyAccountBalance -->
  <testcase classname="com.passport.testcase.VerifyDepositFunc" name="verifyAccountBalance" time="0.128">
    <system-out>
      <![CDATA[VERIFYACCOUNTBALANCE  Passed]]>
    </system-out>
  </testcase> <!-- verifyAccountBalance -->
  <testcase classname="com.passport.testcase.VerifyDepositFunc" name="verifyAccountBalance" time="0.103">
    <system-out>
      <![CDATA[VERIFYACCOUNTBALANCE  Passed]]>
    </system-out>
  </testcase> <!-- verifyAccountBalance -->
  <testcase classname="com.passport.testcase.VerifyDepositFunc" name="verifyAccountBalance" time="0.125">
    <system-out>
      <![CDATA[VERIFYACCOUNTBALANCE  Passed]]>
    </system-out>
  </testcase> <!-- verifyAccountBalance -->
  <testcase classname="com.passport.testcase.VerifyDepositFunc" name="verifyAccountBalance" time="0.089">
    <system-out>
      <![CDATA[VERIFYACCOUNTBALANCE  Passed]]>
    </system-out>
  </testcase> <!-- verifyAccountBalance -->
  <testcase classname="com.passport.testcase.VerifyDepositFunc" name="verifyAccountBalance" time="0.123">
    <system-out>
      <![CDATA[VERIFYACCOUNTBALANCE  Passed]]>
    </system-out>
  </testcase> <!-- verifyAccountBalance -->
  <testcase classname="com.passport.testcase.VerifyDepositFunc" name="verifyAccountBalance" time="0.119">
    <system-out>
      <![CDATA[VERIFYACCOUNTBALANCE  Passed]]>
    </system-out>
  </testcase> <!-- verifyAccountBalance -->
  <testcase classname="com.passport.testcase.VerifyDepositFunc" name="verifyAccountBalance" time="0.106">
    <system-out>
      <![CDATA[VERIFYACCOUNTBALANCE  Passed]]>
    </system-out>
  </testcase> <!-- verifyAccountBalance -->
  <testcase classname="com.passport.testcase.VerifyDepositFunc" name="verifyAccountBalance" time="0.117">
    <system-out>
      <![CDATA[VERIFYACCOUNTBALANCE  Passed]]>
    </system-out>
  </testcase> <!-- verifyAccountBalance -->
  <testcase classname="com.passport.testcase.VerifyDepositFunc" name="verifyAccountBalance" time="0.099">
    <system-out>
      <![CDATA[VERIFYACCOUNTBALANCE  Passed]]>
    </system-out>
  </testcase> <!-- verifyAccountBalance -->
  <testcase classname="com.passport.testcase.VerifyDepositFunc" name="verifyAccountBalance" time="0.120">
    <system-out>
      <![CDATA[VERIFYACCOUNTBALANCE  Passed]]>
    </system-out>
  </testcase> <!-- verifyAccountBalance -->
  <testcase classname="com.passport.testcase.VerifyDepositFunc" name="verifyAccountBalance" time="0.140">
    <system-out>
      <![CDATA[VERIFYACCOUNTBALANCE  Passed]]>
    </system-out>
  </testcase> <!-- verifyAccountBalance -->
  <testcase classname="com.passport.testcase.VerifyDepositFunc" name="verifyAccountBalance" time="0.200">
    <system-out>
      <![CDATA[VERIFYACCOUNTBALANCE  Passed]]>
    </system-out>
  </testcase> <!-- verifyAccountBalance -->
  <testcase classname="com.passport.testcase.VerifyDepositFunc" name="verifyAccountBalance" time="0.084">
    <system-out>
      <![CDATA[VERIFYACCOUNTBALANCE  Passed]]>
    </system-out>
  </testcase> <!-- verifyAccountBalance -->
  <testcase classname="com.passport.testcase.VerifyDepositFunc" name="verifyAccountBalance" time="0.144">
    <system-out>
      <![CDATA[VERIFYACCOUNTBALANCE  Passed]]>
    </system-out>
  </testcase> <!-- verifyAccountBalance -->
  <testcase classname="com.passport.testcase.VerifyDepositFunc" name="verifyAccountBalance" time="0.117">
    <system-out>
      <![CDATA[VERIFYACCOUNTBALANCE  Passed]]>
    </system-out>
  </testcase> <!-- verifyAccountBalance -->
  <testcase classname="com.passport.testcase.VerifyDepositFunc" name="verifyAccountBalance" time="0.124">
    <system-out>
      <![CDATA[VERIFYACCOUNTBALANCE  Passed]]>
    </system-out>
  </testcase> <!-- verifyAccountBalance -->
  <testcase classname="com.passport.testcase.VerifyDepositFunc" name="verifyAccountBalance" time="0.135">
    <system-out>
      <![CDATA[VERIFYACCOUNTBALANCE  Passed]]>
    </system-out>
  </testcase> <!-- verifyAccountBalance -->
  <testcase classname="com.passport.testcase.VerifyDepositFunc" name="verifyAccountBalance" time="0.182">
    <system-out>
      <![CDATA[VERIFYACCOUNTBALANCE  Passed]]>
    </system-out>
  </testcase> <!-- verifyAccountBalance -->
  <testcase classname="com.passport.testcase.VerifyDepositFunc" name="verifyAccountBalance" time="0.148">
    <system-out>
      <![CDATA[VERIFYACCOUNTBALANCE  Passed]]>
    </system-out>
  </testcase> <!-- verifyAccountBalance -->
  <system-out>
    <![CDATA[LOGINASBANKMANAGER  Passed
Clicked Customer add button
Entered Customer first name
Entered Customer Last name
Entered Customer Postal code
Clicked add Customer Submit button
Customer created successfully
ADDCUSTOMER  Passed
Clicked Customer add button
Entered Customer first name
Entered Customer Last name
Entered Customer Postal code
Clicked add Customer Submit button
Customer created successfully
ADDCUSTOMER  Passed
Clicked Customer add button
Entered Customer first name
Entered Customer Last name
Entered Customer Postal code
Clicked add Customer Submit button
Customer created successfully
ADDCUSTOMER  Passed
Clicked Customer add button
Entered Customer first name
Entered Customer Last name
Entered Customer Postal code
Clicked add Customer Submit button
Customer created successfully
ADDCUSTOMER  Passed
Clicked Customer add button
Entered Customer first name
Entered Customer Last name
Entered Customer Postal code
Clicked add Customer Submit button
Customer created successfully
ADDCUSTOMER  Passed
Clicked Customer add button
Entered Customer first name
Entered Customer Last name
Entered Customer Postal code
Clicked add Customer Submit button
Customer created successfully
ADDCUSTOMER  Passed
Clicked Customer add button
Entered Customer first name
Entered Customer Last name
Entered Customer Postal code
Clicked add Customer Submit button
Customer created successfully
ADDCUSTOMER  Passed
Clicked Customer add button
Entered Customer first name
Entered Customer Last name
Entered Customer Postal code
Clicked add Customer Submit button
Customer created successfully
ADDCUSTOMER  Passed
Clicked Customer add button
Entered Customer first name
Entered Customer Last name
Entered Customer Postal code
Clicked add Customer Submit button
Customer created successfully
ADDCUSTOMER  Passed
DEMOTEST  Passed
Account created successfully
OPENACC  Passed
Account created successfully
OPENACC  Passed
Account created successfully
OPENACC  Passed
Account created successfully
OPENACC  Passed
Account created successfully
OPENACC  Passed
Account created successfully
OPENACC  Passed
Account created successfully
OPENACC  Passed
Account created successfully
OPENACC  Passed
Account created successfully
OPENACC  Passed
SEARCHCUSTOMER  Passed
SEARCHCUSTOMER  Passed
SEARCHCUSTOMER  Passed
SEARCHCUSTOMER  Passed
SEARCHCUSTOMER  Passed
SEARCHCUSTOMER  Passed
SEARCHCUSTOMER  Passed
SEARCHCUSTOMER  Passed
SEARCHCUSTOMER  Passed
CLICKHOME  Passed
VERIFYDEPOSITMONEY  Passed
VERIFYACCOUNTBALANCE  Passed
VERIFYACCOUNTBALANCE  Passed
VERIFYACCOUNTBALANCE  Passed
VERIFYACCOUNTBALANCE  Passed
VERIFYACCOUNTBALANCE  Passed
VERIFYACCOUNTBALANCE  Passed
VERIFYACCOUNTBALANCE  Passed
VERIFYACCOUNTBALANCE  Passed
VERIFYACCOUNTBALANCE  Passed
VERIFYACCOUNTBALANCE  Passed
VERIFYACCOUNTBALANCE  Passed
VERIFYACCOUNTBALANCE  Passed
VERIFYACCOUNTBALANCE  Passed
VERIFYACCOUNTBALANCE  Passed
VERIFYACCOUNTBALANCE  Passed
VERIFYACCOUNTBALANCE  Passed
VERIFYACCOUNTBALANCE  Passed
VERIFYACCOUNTBALANCE  Passed
VERIFYACCOUNTBALANCE  Passed
VERIFYACCOUNTBALANCE  Passed
VERIFYACCOUNTBALANCE  Passed
VERIFYACCOUNTBALANCE  Passed
VERIFYACCOUNTBALANCE  Passed
VERIFYACCOUNTBALANCE  Passed
VERIFYACCOUNTBALANCE  Passed
VERIFYACCOUNTBALANCE  Passed
VERIFYACCOUNTBALANCE  Passed
VERIFYACCOUNTBALANCE  Passed
VERIFYACCOUNTBALANCE  Passed
VERIFYACCOUNTBALANCE  Passed
VERIFYACCOUNTBALANCE  Passed
VERIFYACCOUNTBALANCE  Passed
VERIFYACCOUNTBALANCE  Passed
VERIFYACCOUNTBALANCE  Passed
VERIFYACCOUNTBALANCE  Passed
VERIFYACCOUNTBALANCE  Passed
VERIFYACCOUNTBALANCE  Passed
VERIFYACCOUNTBALANCE  Passed
VERIFYACCOUNTBALANCE  Passed
VERIFYACCOUNTBALANCE  Passed
VERIFYACCOUNTBALANCE  Passed
VERIFYACCOUNTBALANCE  Passed
VERIFYACCOUNTBALANCE  Passed
VERIFYACCOUNTBALANCE  Passed
VERIFYACCOUNTBALANCE  Passed
VERIFYACCOUNTBALANCE  Passed
VERIFYACCOUNTBALANCE  Passed
VERIFYACCOUNTBALANCE  Passed
VERIFYACCOUNTBALANCE  Passed
VERIFYACCOUNTBALANCE  Passed]]>
  </system-out>
</testsuite> <!-- com.passport.testcase.VerifyDepositFunc -->
